0 info it worked if it ends with ok
1 verbose cli [ '/home/assassin/.nvm/versions/node/v6.5.0/bin/node',
1 verbose cli   '/home/assassin/.nvm/versions/node/v6.5.0/bin/npm',
1 verbose cli   'run',
1 verbose cli   'test-e2e' ]
2 info using npm@3.10.3
3 info using node@v6.5.0
4 verbose run-script [ 'pretest-e2e', 'test-e2e', 'posttest-e2e' ]
5 info lifecycle launchii-vendor@~pretest-e2e: launchii-vendor@
6 silly lifecycle launchii-vendor@~pretest-e2e: no script for pretest-e2e, continuing
7 info lifecycle launchii-vendor@~test-e2e: launchii-vendor@
8 verbose lifecycle launchii-vendor@~test-e2e: unsafe-perm in lifecycle true
9 verbose lifecycle launchii-vendor@~test-e2e: PATH: /home/assassin/.nvm/versions/node/v6.5.0/lib/node_modules/npm/bin/node-gyp-bin:/home/assassin/javascript/launchii/angular-vendor/node_modules/.bin:/home/assassin/.nvm/versions/node/v6.5.0/bin:/home/assassin/.nvm/versions/node/v6.5.0/bin:/usr/local/sbin:/usr/local/bin:/usr/sbin:/usr/bin:/sbin:/bin:/usr/games:/usr/local/games:/snap/bin:/usr/lib/jvm/java-8-oracle/bin:/usr/lib/jvm/java-8-oracle/db/bin:/usr/lib/jvm/java-8-oracle/jre/bin
10 verbose lifecycle launchii-vendor@~test-e2e: CWD: /home/assassin/javascript/launchii/angular-vendor
11 silly lifecycle launchii-vendor@~test-e2e: Args: [ '-c', 'gulp e2e' ]
12 silly lifecycle launchii-vendor@~test-e2e: Returned: code: 1  signal: null
13 info lifecycle launchii-vendor@~test-e2e: Failed to exec test-e2e script
14 verbose stack Error: launchii-vendor@ test-e2e: `gulp e2e`
14 verbose stack Exit status 1
14 verbose stack     at EventEmitter.<anonymous> (/home/assassin/.nvm/versions/node/v6.5.0/lib/node_modules/npm/lib/utils/lifecycle.js:242:16)
14 verbose stack     at emitTwo (events.js:106:13)
14 verbose stack     at EventEmitter.emit (events.js:191:7)
14 verbose stack     at ChildProcess.<anonymous> (/home/assassin/.nvm/versions/node/v6.5.0/lib/node_modules/npm/lib/utils/spawn.js:40:14)
14 verbose stack     at emitTwo (events.js:106:13)
14 verbose stack     at ChildProcess.emit (events.js:191:7)
14 verbose stack     at maybeClose (internal/child_process.js:877:16)
14 verbose stack     at Process.ChildProcess._handle.onexit (internal/child_process.js:226:5)
15 verbose pkgid launchii-vendor@
16 verbose cwd /home/assassin/javascript/launchii/angular-vendor
17 error Linux 4.4.0-81-generic
18 error argv "/home/assassin/.nvm/versions/node/v6.5.0/bin/node" "/home/assassin/.nvm/versions/node/v6.5.0/bin/npm" "run" "test-e2e"
19 error node v6.5.0
20 error npm  v3.10.3
21 error code ELIFECYCLE
22 error launchii-vendor@ test-e2e: `gulp e2e`
22 error Exit status 1
23 error Failed at the launchii-vendor@ test-e2e script 'gulp e2e'.
23 error Make sure you have the latest version of node.js and npm installed.
23 error If you do, this is most likely a problem with the launchii-vendor package,
23 error not with npm itself.
23 error Tell the author that this fails on your system:
23 error     gulp e2e
23 error You can get information on how to open an issue for this project with:
23 error     npm bugs launchii-vendor
23 error Or if that isn't available, you can get their info via:
23 error     npm owner ls launchii-vendor
23 error There is likely additional logging output above.
24 verbose exit [ 1, true ]
